Using pre-set license
Built from '2021.3/staging' branch; Version is '2021.3.10f1 (1c7d0df0160b) revision 1867021'; Using compiler version '192829333'; Build Type 'Release'
OS: 'Windows 10  (10.0.19044) 64bit Professional' Language: 'en' Physical Memory: 16316 MB
BatchMode: 1, IsHumanControllingUs: 0, StartBugReporterOnCrash: 0, Is64bit: 1, IsPro: 1

COMMAND LINE ARGUMENTS:
D:\Unity Hub\2021.3.10f1\Editor\Unity.exe
-adb2
-batchMode
-noUpm
-name
AssetImportWorker0
-projectPath
C:/Users/USER/Documents/GitHub/Survive-From-Girlfriend/SFGF
-logFile
Logs/AssetImportWorker0.log
-srvPort
64543
Successfully changed project path to: C:/Users/USER/Documents/GitHub/Survive-From-Girlfriend/SFGF
C:/Users/USER/Documents/GitHub/Survive-From-Girlfriend/SFGF
[UnityMemory] Configuration Parameters - Can be set up in boot.config
    "memorysetup-bucket-allocator-granularity=16"
    "memorysetup-bucket-allocator-bucket-count=8"
    "memorysetup-bucket-allocator-block-size=33554432"
    "memorysetup-bucket-allocator-block-count=8"
    "memorysetup-main-allocator-block-size=16777216"
    "memorysetup-thread-allocator-block-size=16777216"
    "memorysetup-gfx-main-allocator-block-size=16777216"
    "memorysetup-gfx-thread-allocator-block-size=16777216"
    "memorysetup-cache-allocator-block-size=4194304"
    "memorysetup-typetree-allocator-block-size=2097152"
    "memorysetup-profiler-bucket-allocator-granularity=16"
    "memorysetup-profiler-bucket-allocator-bucket-count=8"
    "memorysetup-profiler-bucket-allocator-block-size=33554432"
    "memorysetup-profiler-bucket-allocator-block-count=8"
    "memorysetup-profiler-allocator-block-size=16777216"
    "memorysetup-profiler-editor-allocator-block-size=1048576"
    "memorysetup-temp-allocator-size-main=16777216"
    "memorysetup-job-temp-allocator-block-size=2097152"
    "memorysetup-job-temp-allocator-block-size-background=1048576"
    "memorysetup-job-temp-allocator-reduction-small-platforms=262144"
    "memorysetup-temp-allocator-size-background-worker=32768"
    "memorysetup-temp-allocator-size-job-worker=262144"
    "memorysetup-temp-allocator-size-preload-manager=33554432"
    "memorysetup-temp-allocator-size-nav-mesh-worker=65536"
    "memorysetup-temp-allocator-size-audio-worker=65536"
    "memorysetup-temp-allocator-size-cloud-worker=32768"
    "memorysetup-temp-allocator-size-gi-baking-worker=262144"
    "memorysetup-temp-allocator-size-gfx=262144"
Refreshing native plugins compatible for Editor in 90.75 ms, found 3 plugins.
Preloading 0 native plugins for Editor in 0.00 ms.
Initialize engine version: 2021.3.10f1 (1c7d0df0160b)
[Subsystems] Discovering subsystems at path D:/Unity Hub/2021.3.10f1/Editor/Data/Resources/UnitySubsystems
[Subsystems] Discovering subsystems at path C:/Users/USER/Documents/GitHub/Survive-From-Girlfriend/SFGF/Assets
GfxDevice: creating device client; threaded=0; jobified=0
Direct3D:
    Version:  Direct3D 11.0 [level 11.1]
    Renderer: NVIDIA GeForce GTX 1660 SUPER (ID=0x21c4)
    Vendor:   NVIDIA
    VRAM:     5992 MB
    Driver:   31.0.15.1694
Initialize mono
Mono path[0] = 'D:/Unity Hub/2021.3.10f1/Editor/Data/Managed'
Mono path[1] = 'D:/Unity Hub/2021.3.10f1/Editor/Data/MonoBleedingEdge/lib/mono/unityjit-win32'
Mono config path = 'D:/Unity Hub/2021.3.10f1/Editor/Data/MonoBleedingEdge/etc'
Using monoOptions --debugger-agent=transport=dt_socket,embedding=1,server=y,suspend=n,address=127.0.0.1:56728
Begin MonoManager ReloadAssembly
Registering precompiled unity dll's ...
Register platform support module: D:/Unity Hub/2021.3.10f1/Editor/Data/PlaybackEngines/WindowsStandaloneSupport/UnityEditor.WindowsStandalone.Extensions.dll
Registered in 0.002401 seconds.
Native extension for WindowsStandalone target not found
Refreshing native plugins compatible for Editor in 88.73 ms, found 3 plugins.
Preloading 0 native plugins for Editor in 0.00 ms.
Mono: successfully reloaded assembly
- Completed reload, in  0.566 seconds
Domain Reload Profiling:
	ReloadAssembly (566ms)
		BeginReloadAssembly (60ms)
			ExecutionOrderSort (0ms)
			DisableScriptedObjects (0ms)
			BackupInstance (0ms)
			ReleaseScriptingObjects (0ms)
			CreateAndSetChildDomain (1ms)
		EndReloadAssembly (415ms)
			LoadAssemblies (59ms)
			RebuildTransferFunctionScriptingTraits (0ms)
			SetupTypeCache (94ms)
			ReleaseScriptCaches (0ms)
			RebuildScriptCaches (27ms)
			SetupLoadedEditorAssemblies (251ms)
				LogAssemblyErrors (0ms)
				InitializePlatformSupportModulesInManaged (6ms)
				SetLoadedEditorAssemblies (0ms)
				RefreshPlugins (89ms)
				BeforeProcessingInitializeOnLoad (1ms)
				ProcessInitializeOnLoadAttributes (113ms)
				ProcessInitializeOnLoadMethodAttributes (41ms)
				AfterProcessingInitializeOnLoad (0ms)
				EditorAssembliesLoaded (0ms)
			ExecutionOrderSort2 (0ms)
			AwakeInstancesAfterBackupRestoration (0ms)
Platform modules already initialized, skipping
Registering precompiled user dll's ...
Registered in 0.006280 seconds.
Begin MonoManager ReloadAssembly
Symbol file LoadedFromMemory doesn't match image C:\Users\USER\Documents\GitHub\Survive-From-Girlfriend\SFGF\Library\PackageCache\com.unity.visualscripting@1.7.8\Editor\VisualScripting.Core\Dependencies\YamlDotNet\Unity.VisualScripting.YamlDotNet.dll
Symbol file LoadedFromMemory doesn't match image C:\Users\USER\Documents\GitHub\Survive-From-Girlfriend\SFGF\Library\PackageCache\com.unity.visualscripting@1.7.8\Editor\VisualScripting.Core\Dependencies\DotNetZip\Unity.VisualScripting.IonicZip.dll
Native extension for WindowsStandalone target not found
Refreshing native plugins compatible for Editor in 0.58 ms, found 3 plugins.
Preloading 0 native plugins for Editor in 0.00 ms.
Mono: successfully reloaded assembly
- Completed reload, in  0.969 seconds
Domain Reload Profiling:
	ReloadAssembly (970ms)
		BeginReloadAssembly (93ms)
			ExecutionOrderSort (0ms)
			DisableScriptedObjects (5ms)
			BackupInstance (0ms)
			ReleaseScriptingObjects (0ms)
			CreateAndSetChildDomain (16ms)
		EndReloadAssembly (774ms)
			LoadAssemblies (71ms)
			RebuildTransferFunctionScriptingTraits (0ms)
			SetupTypeCache (248ms)
			ReleaseScriptCaches (1ms)
			RebuildScriptCaches (53ms)
			SetupLoadedEditorAssemblies (365ms)
				LogAssemblyErrors (0ms)
				InitializePlatformSupportModulesInManaged (4ms)
				SetLoadedEditorAssemblies (1ms)
				RefreshPlugins (1ms)
				BeforeProcessingInitializeOnLoad (90ms)
				ProcessInitializeOnLoadAttributes (236ms)
				ProcessInitializeOnLoadMethodAttributes (30ms)
				AfterProcessingInitializeOnLoad (2ms)
				EditorAssembliesLoaded (0ms)
			ExecutionOrderSort2 (0ms)
			AwakeInstancesAfterBackupRestoration (5ms)
Platform modules already initialized, skipping
========================================================================
Worker process is ready to serve import requests
Launched and connected shader compiler UnityShaderCompiler.exe after 0.04 seconds
Refreshing native plugins compatible for Editor in 0.61 ms, found 3 plugins.
Preloading 0 native plugins for Editor in 0.00 ms.
Unloading 3747 Unused Serialized files (Serialized files now loaded: 0)
Unloading 52 unused Assets / (1.4 MB). Loaded Objects now: 4209.
Memory consumption went from 145.9 MB to 144.5 MB.
Total: 2.890500 ms (FindLiveObjects: 0.265700 ms CreateObjectMapping: 0.228100 ms MarkObjects: 2.148800 ms  DeleteObjects: 0.247400 ms)

AssetImportParameters requested are different than current active one (requested -> active):
  custom:video-decoder-ogg-theora: a1e56fd34408186e4bbccfd4996cb3dc -> 
  custom:container-muxer-webm: aa71ff27fc2769a1b78a27578f13a17b -> 
  custom:container-demuxer-webm: 4f35f7cbe854078d1ac9338744f61a02 -> 
  custom:video-encoder-webm-vp8: eb34c28f22e8b96e1ab97ce403110664 -> 
  custom:audio-encoder-webm-vorbis: bf7c407c2cedff20999df2af8eb42d56 -> 
  custom:framework-win-MediaFoundation: 216162199b28c13a410421893ffa2e32 -> 
  custom:container-demuxer-ogg: 62fdf1f143b41e24485cea50d1cbac27 -> 
  custom:video-decoder-webm-vp8: 9c59270c3fd7afecdb556c50c9e8de78 -> 
  custom:audio-decoder-ogg-vorbis: bf7c407c2cedff20999df2af8eb42d56 -> 
========================================================================
Received Import Request.
  Time since last request: 453593.013453 seconds.
  path: Assets/images/Item frame.png
  artifactKey: Guid(be587ceb14b4bc9419a271c320b706ec) Importer(815301076,1909f56bfc062723c751e8b465ee728b)
Start importing Assets/images/Item frame.png using Guid(be587ceb14b4bc9419a271c320b706ec) Importer(815301076,1909f56bfc062723c751e8b465ee728b)  -> (artifact id: '5dd64b1fd1cff0fa222a9a6c8abcbdb8') in 0.092766 seconds 
========================================================================
Received Import Request.
  Time since last request: 0.000015 seconds.
  path: Assets/Music/Gf-laugh.mp3
  artifactKey: Guid(5f6b4bf2e52b6ed4bbdc8306f3b23a3e) Importer(815301076,1909f56bfc062723c751e8b465ee728b)
Start importing Assets/Music/Gf-laugh.mp3 using Guid(5f6b4bf2e52b6ed4bbdc8306f3b23a3e) Importer(815301076,1909f56bfc062723c751e8b465ee728b)  -> (artifact id: '50b60550bfb99836597c0857c26bc87d') in 0.071663 seconds 
========================================================================
Received Import Request.
  Time since last request: 0.000014 seconds.
  path: Assets/images/i-2.png
  artifactKey: Guid(6c6a598491a00dc42afaafb65bdf5ac7) Importer(815301076,1909f56bfc062723c751e8b465ee728b)
Start importing Assets/images/i-2.png using Guid(6c6a598491a00dc42afaafb65bdf5ac7) Importer(815301076,1909f56bfc062723c751e8b465ee728b)  -> (artifact id: '72dc2d31af09642ef7bcb0d80ff1d1e3') in 0.023343 seconds 
========================================================================
Received Import Request.
  Time since last request: 0.000020 seconds.
  path: Assets/images/i-4.png
  artifactKey: Guid(357a30b2920153d4292d4bdfcb684048) Importer(815301076,1909f56bfc062723c751e8b465ee728b)
Start importing Assets/images/i-4.png using Guid(357a30b2920153d4292d4bdfcb684048) Importer(815301076,1909f56bfc062723c751e8b465ee728b)  -> (artifact id: '751c7a357c9a3050003c6f076fe61061') in 0.014166 seconds 
========================================================================
Received Import Request.
  Time since last request: 0.000031 seconds.
  path: Assets/prefad/Player.prefab
  artifactKey: Guid(7ac4e9bb6d2638d449efb6e8a784c3c5) Importer(815301076,1909f56bfc062723c751e8b465ee728b)
Start importing Assets/prefad/Player.prefab using Guid(7ac4e9bb6d2638d449efb6e8a784c3c5) Importer(815301076,1909f56bfc062723c751e8b465ee728b)  -> (artifact id: '6b82ec1aab78dcb56dd60b64c293e414') in 0.060209 seconds 
========================================================================
Received Import Request.
  Time since last request: 0.000021 seconds.
  path: Assets/images/i-1.png
  artifactKey: Guid(41b16f6ba76859f42b727b19a0501e5c) Importer(815301076,1909f56bfc062723c751e8b465ee728b)
Start importing Assets/images/i-1.png using Guid(41b16f6ba76859f42b727b19a0501e5c) Importer(815301076,1909f56bfc062723c751e8b465ee728b)  -> (artifact id: '648f231e3f05d32f5094aa2a6da6ea6b') in 0.015486 seconds 
========================================================================
Received Import Request.
  Time since last request: 0.000018 seconds.
  path: Assets/Music/She is Come.mp3
  artifactKey: Guid(c065be5b941594a4080429797d9157c6) Importer(815301076,1909f56bfc062723c751e8b465ee728b)
Start importing Assets/Music/She is Come.mp3 using Guid(c065be5b941594a4080429797d9157c6) Importer(815301076,1909f56bfc062723c751e8b465ee728b)  -> (artifact id: 'ef5345316147b9309555c246f3e44773') in 0.011124 seconds 
========================================================================
Received Import Request.
  Time since last request: 0.000020 seconds.
  path: Assets/images/very tired.png
  artifactKey: Guid(12b62a41b2ba33b44b9132f6481a37ee) Importer(815301076,1909f56bfc062723c751e8b465ee728b)
Start importing Assets/images/very tired.png using Guid(12b62a41b2ba33b44b9132f6481a37ee) Importer(815301076,1909f56bfc062723c751e8b465ee728b)  -> (artifact id: 'ad9eb785d50b8b55b2d56eda894d70c9') in 0.011479 seconds 
========================================================================
Received Import Request.
  Time since last request: 0.000018 seconds.
  path: Assets/images/i-6.png
  artifactKey: Guid(7934a4d348854ae40b9f192992a94b01) Importer(815301076,1909f56bfc062723c751e8b465ee728b)
Start importing Assets/images/i-6.png using Guid(7934a4d348854ae40b9f192992a94b01) Importer(815301076,1909f56bfc062723c751e8b465ee728b)  -> (artifact id: '62f7f584b3dca25a90d1a62d5e96b29e') in 0.012388 seconds 
========================================================================
Received Import Request.
  Time since last request: 0.000022 seconds.
  path: Assets/Music/Main_Theme.mp3
  artifactKey: Guid(ced90cf8964b3ce4a822e1d30e0a56f4) Importer(815301076,1909f56bfc062723c751e8b465ee728b)
Start importing Assets/Music/Main_Theme.mp3 using Guid(ced90cf8964b3ce4a822e1d30e0a56f4) Importer(815301076,1909f56bfc062723c751e8b465ee728b)  -> (artifact id: '17c765e090f98e9be3d56100c4f2993c') in 0.011931 seconds 
========================================================================
Received Import Request.
  Time since last request: 0.000020 seconds.
  path: Assets/images/i-5.png
  artifactKey: Guid(1c32ab82e1b895a40a633ef1c82120f7) Importer(815301076,1909f56bfc062723c751e8b465ee728b)
Start importing Assets/images/i-5.png using Guid(1c32ab82e1b895a40a633ef1c82120f7) Importer(815301076,1909f56bfc062723c751e8b465ee728b)  -> (artifact id: 'de7eb7dfdfa9efc066f0b469e5a7a00b') in 0.013952 seconds 
========================================================================
Received Import Request.
  Time since last request: 0.000016 seconds.
  path: Assets/Music/Dummy Sond.wav
  artifactKey: Guid(3ecbcd7535fce27479dc9d51b3f48a9f) Importer(815301076,1909f56bfc062723c751e8b465ee728b)
Start importing Assets/Music/Dummy Sond.wav using Guid(3ecbcd7535fce27479dc9d51b3f48a9f) Importer(815301076,1909f56bfc062723c751e8b465ee728b)  -> (artifact id: '41d45a03b02061a657576ef7d4202c9e') in 0.013732 seconds 
========================================================================
Received Import Request.
  Time since last request: 0.000018 seconds.
  path: Assets/images/i-3.png
  artifactKey: Guid(7b16808ccc1bbf046b057a37cfb8a394) Importer(815301076,1909f56bfc062723c751e8b465ee728b)
Start importing Assets/images/i-3.png using Guid(7b16808ccc1bbf046b057a37cfb8a394) Importer(815301076,1909f56bfc062723c751e8b465ee728b)  -> (artifact id: '82dce82da964fcab7976ef7b798fa04a') in 0.015684 seconds 
========================================================================
Received Import Request.
  Time since last request: 0.000023 seconds.
  path: Assets/images/time 1.png
  artifactKey: Guid(e1f5bf4aa1c29bb4d846b664dca5e343) Importer(815301076,1909f56bfc062723c751e8b465ee728b)
Start importing Assets/images/time 1.png using Guid(e1f5bf4aa1c29bb4d846b664dca5e343) Importer(815301076,1909f56bfc062723c751e8b465ee728b)  -> (artifact id: 'f791e3c8c3ed10c483cd9185fc71bd79') in 0.012313 seconds 
========================================================================
Received Import Request.
  Time since last request: 0.000024 seconds.
  path: Assets/images/stamina.png
  artifactKey: Guid(1b33c025e886d494e8ccd7d2904087e6) Importer(815301076,1909f56bfc062723c751e8b465ee728b)
Start importing Assets/images/stamina.png using Guid(1b33c025e886d494e8ccd7d2904087e6) Importer(815301076,1909f56bfc062723c751e8b465ee728b)  -> (artifact id: '1908375740ed00c170e0c454163a36e0') in 0.013100 seconds 
========================================================================
Received Import Request.
  Time since last request: 0.000017 seconds.
  path: Assets/images/stamina tube 2.png
  artifactKey: Guid(c2511786163176a44b5e31e5fdf45bbb) Importer(815301076,1909f56bfc062723c751e8b465ee728b)
Start importing Assets/images/stamina tube 2.png using Guid(c2511786163176a44b5e31e5fdf45bbb) Importer(815301076,1909f56bfc062723c751e8b465ee728b)  -> (artifact id: '9393d3cc7ca0a21d934e6a4ca3a6b18b') in 0.015148 seconds 
========================================================================
Received Import Request.
  Time since last request: 114.761850 seconds.
  path: Assets/model/Building/Floor_2.obj
  artifactKey: Guid(5726ab0a655793548aec0561061d39ea) Importer(815301076,1909f56bfc062723c751e8b465ee728b)
Start importing Assets/model/Building/Floor_2.obj using Guid(5726ab0a655793548aec0561061d39ea) Importer(815301076,1909f56bfc062723c751e8b465ee728b)  -> (artifact id: 'c2b3fb3e1f78327d414c28e6ea4bd4c1') in 0.094041 seconds 
========================================================================
Received Import Request.
  Time since last request: 0.000021 seconds.
  path: Assets/model/Building/Roof2.obj
  artifactKey: Guid(92e69848211ae154ea2da36dfbd587e0) Importer(815301076,1909f56bfc062723c751e8b465ee728b)
Start importing Assets/model/Building/Roof2.obj using Guid(92e69848211ae154ea2da36dfbd587e0) Importer(815301076,1909f56bfc062723c751e8b465ee728b)  -> (artifact id: '1808905b0514dfa373d9d065b31ae801') in 0.039503 seconds 
========================================================================
Received Import Request.
  Time since last request: 0.000028 seconds.
  path: Assets/model/Building/Wall_3.obj
  artifactKey: Guid(72669cf1fdaa54441ae48828ff55e851) Importer(815301076,1909f56bfc062723c751e8b465ee728b)
Start importing Assets/model/Building/Wall_3.obj using Guid(72669cf1fdaa54441ae48828ff55e851) Importer(815301076,1909f56bfc062723c751e8b465ee728b)  -> (artifact id: 'b6f0c89c80de80c9d7bf143ce597b7af') in 0.058497 seconds 
========================================================================
Received Import Request.
  Time since last request: 0.000021 seconds.
  path: Assets/model/Building/Roof.obj
  artifactKey: Guid(1f1d50b4e5711bb4f8628b9435326950) Importer(815301076,1909f56bfc062723c751e8b465ee728b)
Start importing Assets/model/Building/Roof.obj using Guid(1f1d50b4e5711bb4f8628b9435326950) Importer(815301076,1909f56bfc062723c751e8b465ee728b)  -> (artifact id: 'c7d64ba0d6293ab22d3e42f5c7a1438f') in 0.047461 seconds 
========================================================================
Received Import Request.
  Time since last request: 0.669220 seconds.
  path: Assets/model/Building/0.UV Building/David ver1.png
  artifactKey: Guid(5ca88866029ae3247ba2ddb9ab5e57a4) Importer(815301076,1909f56bfc062723c751e8b465ee728b)
Start importing Assets/model/Building/0.UV Building/David ver1.png using Guid(5ca88866029ae3247ba2ddb9ab5e57a4) Importer(815301076,1909f56bfc062723c751e8b465ee728b)  -> (artifact id: '47fa9233241b4eed73fce7cce2a3c3e2') in 0.020112 seconds 
========================================================================
Received Import Request.
  Time since last request: 0.000023 seconds.
  path: Assets/model/Building/0.UV Building/Wall2.png
  artifactKey: Guid(2378a0224ed5eda48a4bf6a9f20c2c5f) Importer(815301076,1909f56bfc062723c751e8b465ee728b)
Start importing Assets/model/Building/0.UV Building/Wall2.png using Guid(2378a0224ed5eda48a4bf6a9f20c2c5f) Importer(815301076,1909f56bfc062723c751e8b465ee728b)  -> (artifact id: '93777c0e4e7145737d3c9c1aa6711be8') in 0.017773 seconds 
========================================================================
Received Import Request.
  Time since last request: 0.000024 seconds.
  path: Assets/model/Building/0.UV Building/Polever1.png
  artifactKey: Guid(71e2a21acbd1b304180ca4a419b608b7) Importer(815301076,1909f56bfc062723c751e8b465ee728b)
Start importing Assets/model/Building/0.UV Building/Polever1.png using Guid(71e2a21acbd1b304180ca4a419b608b7) Importer(815301076,1909f56bfc062723c751e8b465ee728b)  -> (artifact id: '65c08f35f1240cb76cb7965fede4da56') in 0.020043 seconds 
========================================================================
Received Import Request.
  Time since last request: 0.000017 seconds.
  path: Assets/model/Building/0.UV Building/Floor1.png
  artifactKey: Guid(726c3209e6bef574a8cc5455ac52023a) Importer(815301076,1909f56bfc062723c751e8b465ee728b)
Start importing Assets/model/Building/0.UV Building/Floor1.png using Guid(726c3209e6bef574a8cc5455ac52023a) Importer(815301076,1909f56bfc062723c751e8b465ee728b)  -> (artifact id: '6c29f2dbcf7fa2bf9f400dfc905479c3') in 0.017736 seconds 
========================================================================
Received Import Request.
  Time since last request: 0.000019 seconds.
  path: Assets/model/Building/0.UV Building/Wall3.png
  artifactKey: Guid(f45a036ca920552458568c20f0221564) Importer(815301076,1909f56bfc062723c751e8b465ee728b)
Start importing Assets/model/Building/0.UV Building/Wall3.png using Guid(f45a036ca920552458568c20f0221564) Importer(815301076,1909f56bfc062723c751e8b465ee728b)  -> (artifact id: 'd8861faf51818cf5b980dda8335b554c') in 0.018674 seconds 
========================================================================
Received Import Request.
  Time since last request: 0.000019 seconds.
  path: Assets/model/Building/0.UV Building/David.png
  artifactKey: Guid(116cc228538dfe04ab774d8a2a3809b3) Importer(815301076,1909f56bfc062723c751e8b465ee728b)
Start importing Assets/model/Building/0.UV Building/David.png using Guid(116cc228538dfe04ab774d8a2a3809b3) Importer(815301076,1909f56bfc062723c751e8b465ee728b)  -> (artifact id: 'bf3193314bcf6009d87163c16a403cec') in 0.018051 seconds 
========================================================================
Received Import Request.
  Time since last request: 0.000021 seconds.
  path: Assets/model/Building/0.UV Building/David ver2.png
  artifactKey: Guid(f6986a63db6a6c04cb8c210f534007ad) Importer(815301076,1909f56bfc062723c751e8b465ee728b)
Start importing Assets/model/Building/0.UV Building/David ver2.png using Guid(f6986a63db6a6c04cb8c210f534007ad) Importer(815301076,1909f56bfc062723c751e8b465ee728b)  -> (artifact id: 'c64fb851b6263fd56ce034bb14e8b2b4') in 0.017554 seconds 
========================================================================
Received Import Request.
  Time since last request: 0.000021 seconds.
  path: Assets/model/Building/0.UV Building/Floor2.png
  artifactKey: Guid(13531cbbf1441c34cab60ae88784419d) Importer(815301076,1909f56bfc062723c751e8b465ee728b)
Start importing Assets/model/Building/0.UV Building/Floor2.png using Guid(13531cbbf1441c34cab60ae88784419d) Importer(815301076,1909f56bfc062723c751e8b465ee728b)  -> (artifact id: 'c05737443c11e9719fc132b01d9ce2e3') in 0.017839 seconds 
========================================================================
Received Import Request.
  Time since last request: 0.000018 seconds.
  path: Assets/model/Building/0.UV Building/Polever2.png
  artifactKey: Guid(e2dcbc7b503ff4542a29c629df3729ae) Importer(815301076,1909f56bfc062723c751e8b465ee728b)
Start importing Assets/model/Building/0.UV Building/Polever2.png using Guid(e2dcbc7b503ff4542a29c629df3729ae) Importer(815301076,1909f56bfc062723c751e8b465ee728b)  -> (artifact id: 'ab90c39d01906d190edab5e471d86c67') in 0.022140 seconds 
========================================================================
Received Import Request.
  Time since last request: 480.829546 seconds.
  path: Assets/model/Building/Prop/Lamp.obj
  artifactKey: Guid(006fe9473a1292947a272502d3ed5f0d) Importer(815301076,1909f56bfc062723c751e8b465ee728b)
Start importing Assets/model/Building/Prop/Lamp.obj using Guid(006fe9473a1292947a272502d3ed5f0d) Importer(815301076,1909f56bfc062723c751e8b465ee728b)  -> (artifact id: 'c1bdc36c9c17a6a77e5e6ed2a642c881') in 0.032774 seconds 
========================================================================
Received Import Request.
  Time since last request: 1.529075 seconds.
  path: Assets/model/Building/Prop/Wall Prop
  artifactKey: Guid(4caf68bfacb91ec4082bdce145b8ec77) Importer(815301076,1909f56bfc062723c751e8b465ee728b)
Start importing Assets/model/Building/Prop/Wall Prop using Guid(4caf68bfacb91ec4082bdce145b8ec77) Importer(815301076,1909f56bfc062723c751e8b465ee728b)  -> (artifact id: '4a0195385a10d8ef0be63061adee4ac6') in 0.008726 seconds 
========================================================================
Received Import Request.
  Time since last request: 0.183780 seconds.
  path: Assets/model/Building/Prop/Wall Prop/1.png
  artifactKey: Guid(88efa13414db1ed4d9b862bbb4c11580) Importer(815301076,1909f56bfc062723c751e8b465ee728b)
Start importing Assets/model/Building/Prop/Wall Prop/1.png using Guid(88efa13414db1ed4d9b862bbb4c11580) Importer(815301076,1909f56bfc062723c751e8b465ee728b)  -> (artifact id: '37e223234b1618f08304c97f77204cd0') in 0.026936 seconds 
========================================================================
Received Import Request.
  Time since last request: 0.000020 seconds.
  path: Assets/model/Building/Prop/Wall Prop/13.png
  artifactKey: Guid(282b3bc8166e1ea4fab181ca1d9ccc33) Importer(815301076,1909f56bfc062723c751e8b465ee728b)
Start importing Assets/model/Building/Prop/Wall Prop/13.png using Guid(282b3bc8166e1ea4fab181ca1d9ccc33) Importer(815301076,1909f56bfc062723c751e8b465ee728b)  -> (artifact id: '67c4f0f002009bb5e973111a67e5595a') in 0.030690 seconds 
========================================================================
Received Import Request.
  Time since last request: 0.000022 seconds.
  path: Assets/model/Building/Prop/Wall Prop/23.png
  artifactKey: Guid(0d9ee737d88065242a4763c2b404274b) Importer(815301076,1909f56bfc062723c751e8b465ee728b)
Start importing Assets/model/Building/Prop/Wall Prop/23.png using Guid(0d9ee737d88065242a4763c2b404274b) Importer(815301076,1909f56bfc062723c751e8b465ee728b)  -> (artifact id: '1e6985a314477111e56c3b8d7c215c6b') in 0.021552 seconds 
========================================================================
Received Import Request.
  Time since last request: 0.000017 seconds.
  path: Assets/model/Building/Prop/Wall Prop/Poster6Material.mat
  artifactKey: Guid(a7b28c01c6bc8cf41bd5e6860262b1fe) Importer(815301076,1909f56bfc062723c751e8b465ee728b)
Start importing Assets/model/Building/Prop/Wall Prop/Poster6Material.mat using Guid(a7b28c01c6bc8cf41bd5e6860262b1fe) Importer(815301076,1909f56bfc062723c751e8b465ee728b)  -> (artifact id: '8faf92bcc2474995d77306ad7e767ed9') in 0.036545 seconds 
========================================================================
Received Import Request.
  Time since last request: 0.000013 seconds.
  path: Assets/model/Building/Prop/Wall Prop/Poster1Material 1.mat
  artifactKey: Guid(8bcd0ef6797fff3459210e59f2823195) Importer(815301076,1909f56bfc062723c751e8b465ee728b)
Start importing Assets/model/Building/Prop/Wall Prop/Poster1Material 1.mat using Guid(8bcd0ef6797fff3459210e59f2823195) Importer(815301076,1909f56bfc062723c751e8b465ee728b)  -> (artifact id: 'c340ca60c0b6f71187546c3ad3ac0ed4') in 0.036031 seconds 
========================================================================
Received Import Request.
  Time since last request: 0.000019 seconds.
  path: Assets/model/Building/Prop/Wall Prop/5.png
  artifactKey: Guid(f5361499f27d8f145a156e4dd679bcfa) Importer(815301076,1909f56bfc062723c751e8b465ee728b)
Start importing Assets/model/Building/Prop/Wall Prop/5.png using Guid(f5361499f27d8f145a156e4dd679bcfa) Importer(815301076,1909f56bfc062723c751e8b465ee728b)  -> (artifact id: '0e39ef0f0a9a397b1f7317c44069586c') in 0.028274 seconds 
========================================================================
Received Import Request.
  Time since last request: 0.000017 seconds.
  path: Assets/model/Building/Prop/Wall Prop/21.png
  artifactKey: Guid(fffd27e23a7524044a01647aa6a2d52d) Importer(815301076,1909f56bfc062723c751e8b465ee728b)
Start importing Assets/model/Building/Prop/Wall Prop/21.png using Guid(fffd27e23a7524044a01647aa6a2d52d) Importer(815301076,1909f56bfc062723c751e8b465ee728b)  -> (artifact id: '9846d062800c51e808070439a615163a') in 0.019893 seconds 
========================================================================
Received Import Request.
  Time since last request: 0.000017 seconds.
  path: Assets/model/Building/Prop/Wall Prop/9.png
  artifactKey: Guid(4cfa3e3658139c84bbfb2b1a2a70548b) Importer(815301076,1909f56bfc062723c751e8b465ee728b)
Start importing Assets/model/Building/Prop/Wall Prop/9.png using Guid(4cfa3e3658139c84bbfb2b1a2a70548b) Importer(815301076,1909f56bfc062723c751e8b465ee728b)  -> (artifact id: 'fcb175888f40a186ef11cf7e81b9bc05') in 0.019812 seconds 
========================================================================
Received Import Request.
  Time since last request: 0.000020 seconds.
  path: Assets/model/Building/Prop/Wall Prop/22.png
  artifactKey: Guid(2e6e0aa66b1860c4ba50d68c1b7c5a23) Importer(815301076,1909f56bfc062723c751e8b465ee728b)
Start importing Assets/model/Building/Prop/Wall Prop/22.png using Guid(2e6e0aa66b1860c4ba50d68c1b7c5a23) Importer(815301076,1909f56bfc062723c751e8b465ee728b)  -> (artifact id: '04d253d9e912eed90ec850d7f1a93d11') in 0.014680 seconds 
========================================================================
Received Import Request.
  Time since last request: 0.000024 seconds.
  path: Assets/model/Building/Prop/Wall Prop/3.png
  artifactKey: Guid(d729e2e967ee8fd4ebd27d16d4ee4dd9) Importer(815301076,1909f56bfc062723c751e8b465ee728b)
Start importing Assets/model/Building/Prop/Wall Prop/3.png using Guid(d729e2e967ee8fd4ebd27d16d4ee4dd9) Importer(815301076,1909f56bfc062723c751e8b465ee728b)  -> (artifact id: 'bde5f9204c33145a8eea4e93038d7785') in 0.018435 seconds 
========================================================================
Received Import Request.
  Time since last request: 0.000024 seconds.
  path: Assets/model/Building/Prop/Wall Prop/11.png
  artifactKey: Guid(6fa301ebfce2222459cb0a4ed732f546) Importer(815301076,1909f56bfc062723c751e8b465ee728b)
Start importing Assets/model/Building/Prop/Wall Prop/11.png using Guid(6fa301ebfce2222459cb0a4ed732f546) Importer(815301076,1909f56bfc062723c751e8b465ee728b)  -> (artifact id: '6b45634210b4e2effd7a73642d0d9875') in 0.021219 seconds 
========================================================================
Received Import Request.
  Time since last request: 0.000017 seconds.
  path: Assets/model/Building/Prop/Wall Prop/12.png
  artifactKey: Guid(dd81b453ed0c4e44d837b3a266e51d3a) Importer(815301076,1909f56bfc062723c751e8b465ee728b)
Start importing Assets/model/Building/Prop/Wall Prop/12.png using Guid(dd81b453ed0c4e44d837b3a266e51d3a) Importer(815301076,1909f56bfc062723c751e8b465ee728b)  -> (artifact id: 'c0a3683b257a8a6cff023ba04b2f5e39') in 0.021061 seconds 
========================================================================
Received Import Request.
  Time since last request: 0.000020 seconds.
  path: Assets/model/Building/Prop/Wall Prop/Poster2Material.mat
  artifactKey: Guid(ceab36e8bb952424291e04f99ca57a58) Importer(815301076,1909f56bfc062723c751e8b465ee728b)
Start importing Assets/model/Building/Prop/Wall Prop/Poster2Material.mat using Guid(ceab36e8bb952424291e04f99ca57a58) Importer(815301076,1909f56bfc062723c751e8b465ee728b)  -> (artifact id: '9701ef6eb9ee606c152824d0bb399b0c') in 0.020764 seconds 
========================================================================
Received Import Request.
  Time since last request: 0.000023 seconds.
  path: Assets/model/Building/Prop/Wall Prop/17.png
  artifactKey: Guid(f6dc6965a0254db489d083f028f7a0c3) Importer(815301076,1909f56bfc062723c751e8b465ee728b)
Start importing Assets/model/Building/Prop/Wall Prop/17.png using Guid(f6dc6965a0254db489d083f028f7a0c3) Importer(815301076,1909f56bfc062723c751e8b465ee728b)  -> (artifact id: 'f7a1bc4811761751ea4d51f36eeccf98') in 0.018948 seconds 
========================================================================
Received Import Request.
  Time since last request: 0.000019 seconds.
  path: Assets/model/Building/Prop/Wall Prop/2.png
  artifactKey: Guid(bb3497056f3e15e4692d4695a92bc4db) Importer(815301076,1909f56bfc062723c751e8b465ee728b)
Start importing Assets/model/Building/Prop/Wall Prop/2.png using Guid(bb3497056f3e15e4692d4695a92bc4db) Importer(815301076,1909f56bfc062723c751e8b465ee728b)  -> (artifact id: '336644785529c4dbdcf69e83f0b5fcb7') in 0.015033 seconds 
========================================================================
Received Import Request.
  Time since last request: 0.000018 seconds.
  path: Assets/model/Building/Prop/Wall Prop/16.png
  artifactKey: Guid(e95c00522a3e44e49b6ed94812b55cb8) Importer(815301076,1909f56bfc062723c751e8b465ee728b)
Start importing Assets/model/Building/Prop/Wall Prop/16.png using Guid(e95c00522a3e44e49b6ed94812b55cb8) Importer(815301076,1909f56bfc062723c751e8b465ee728b)  -> (artifact id: 'b3378ceb5f9b6da7cb07600e384731c4') in 0.019256 seconds 
========================================================================
Received Import Request.
  Time since last request: 0.000023 seconds.
  path: Assets/model/Building/Prop/Wall Prop/19.png
  artifactKey: Guid(c70c47acd7a079849a3a8e54578a9d73) Importer(815301076,1909f56bfc062723c751e8b465ee728b)
Start importing Assets/model/Building/Prop/Wall Prop/19.png using Guid(c70c47acd7a079849a3a8e54578a9d73) Importer(815301076,1909f56bfc062723c751e8b465ee728b)  -> (artifact id: 'e74ac82ef0f9b70d1924b57f8a0973ee') in 0.018967 seconds 
========================================================================
Received Import Request.
  Time since last request: 0.000021 seconds.
  path: Assets/model/Building/Prop/Wall Prop/10.png
  artifactKey: Guid(b8bcad856834d124f936ad7cc9d16438) Importer(815301076,1909f56bfc062723c751e8b465ee728b)
Start importing Assets/model/Building/Prop/Wall Prop/10.png using Guid(b8bcad856834d124f936ad7cc9d16438) Importer(815301076,1909f56bfc062723c751e8b465ee728b)  -> (artifact id: '72dee1a48e86dcf551cceac1bca077e7') in 0.019094 seconds 
========================================================================
Received Import Request.
  Time since last request: 0.000017 seconds.
  path: Assets/model/Building/Prop/Wall Prop/18.png
  artifactKey: Guid(37ccd0000d612a4479c13d02e23eb0dd) Importer(815301076,1909f56bfc062723c751e8b465ee728b)
Start importing Assets/model/Building/Prop/Wall Prop/18.png using Guid(37ccd0000d612a4479c13d02e23eb0dd) Importer(815301076,1909f56bfc062723c751e8b465ee728b)  -> (artifact id: '4e80a83a507f1d801f3d430b8bffc588') in 0.020016 seconds 
========================================================================
Received Import Request.
  Time since last request: 0.000022 seconds.
  path: Assets/model/Building/Prop/Wall Prop/7.png
  artifactKey: Guid(a99da1e0e21c9b14ca65b1db2a0f9612) Importer(815301076,1909f56bfc062723c751e8b465ee728b)
Start importing Assets/model/Building/Prop/Wall Prop/7.png using Guid(a99da1e0e21c9b14ca65b1db2a0f9612) Importer(815301076,1909f56bfc062723c751e8b465ee728b)  -> (artifact id: '4641d4063fa560b87af36d4d61db5c79') in 0.019381 seconds 
========================================================================
Received Import Request.
  Time since last request: 0.000037 seconds.
  path: Assets/model/Building/Prop/Wall Prop/Poster5Material.mat
  artifactKey: Guid(806662ac33ccb5842a92ecf0f0fa6a06) Importer(815301076,1909f56bfc062723c751e8b465ee728b)
Start importing Assets/model/Building/Prop/Wall Prop/Poster5Material.mat using Guid(806662ac33ccb5842a92ecf0f0fa6a06) Importer(815301076,1909f56bfc062723c751e8b465ee728b)  -> (artifact id: 'ef9e1f0cdebddb91b7241020c712a167') in 0.021016 seconds 
========================================================================
Received Import Request.
  Time since last request: 0.000025 seconds.
  path: Assets/model/Building/Prop/Wall Prop/6.png
  artifactKey: Guid(98394eba7f40db34db4b41e9c466525f) Importer(815301076,1909f56bfc062723c751e8b465ee728b)
Start importing Assets/model/Building/Prop/Wall Prop/6.png using Guid(98394eba7f40db34db4b41e9c466525f) Importer(815301076,1909f56bfc062723c751e8b465ee728b)  -> (artifact id: '3138f5caf7ff5be7a18617c413f1248f') in 0.019458 seconds 
========================================================================
Received Import Request.
  Time since last request: 0.000021 seconds.
  path: Assets/model/Building/Prop/Wall Prop/15.png
  artifactKey: Guid(579d246c1ef37964ab2d0acfd7fb3b5b) Importer(815301076,1909f56bfc062723c751e8b465ee728b)
Start importing Assets/model/Building/Prop/Wall Prop/15.png using Guid(579d246c1ef37964ab2d0acfd7fb3b5b) Importer(815301076,1909f56bfc062723c751e8b465ee728b)  -> (artifact id: '1a03614060787a2ddbf5b5c0b6b609f3') in 0.018542 seconds 
========================================================================
Received Import Request.
  Time since last request: 0.000018 seconds.
  path: Assets/model/Building/Prop/Wall Prop/20.png
  artifactKey: Guid(cfbcb9d412e841c47885783ed3f18b96) Importer(815301076,1909f56bfc062723c751e8b465ee728b)
Start importing Assets/model/Building/Prop/Wall Prop/20.png using Guid(cfbcb9d412e841c47885783ed3f18b96) Importer(815301076,1909f56bfc062723c751e8b465ee728b)  -> (artifact id: '66827a22f54681786ac672d1d0e3e86d') in 0.018637 seconds 
========================================================================
Received Import Request.
  Time since last request: 0.000021 seconds.
  path: Assets/model/Building/Prop/Wall Prop/14.png
  artifactKey: Guid(504368423a955dd4791509f4375401fd) Importer(815301076,1909f56bfc062723c751e8b465ee728b)
Start importing Assets/model/Building/Prop/Wall Prop/14.png using Guid(504368423a955dd4791509f4375401fd) Importer(815301076,1909f56bfc062723c751e8b465ee728b)  -> (artifact id: 'ef874fe541ac0ae0ee99d261a7cbbf3d') in 0.020087 seconds 
========================================================================
Received Import Request.
  Time since last request: 0.000034 seconds.
  path: Assets/model/Building/Prop/Wall Prop/4.png
  artifactKey: Guid(0bf2e8c6a6dc9df438946e0eb4c59eed) Importer(815301076,1909f56bfc062723c751e8b465ee728b)
Start importing Assets/model/Building/Prop/Wall Prop/4.png using Guid(0bf2e8c6a6dc9df438946e0eb4c59eed) Importer(815301076,1909f56bfc062723c751e8b465ee728b)  -> (artifact id: 'a20bb5918f5ec48ccc8a39652166197d') in 0.019050 seconds 
========================================================================
Received Import Request.
  Time since last request: 0.000020 seconds.
  path: Assets/model/Building/Prop/Wall Prop/Poster3Material.mat
  artifactKey: Guid(1fd0098f7e18b66429096b5cca6b4ca1) Importer(815301076,1909f56bfc062723c751e8b465ee728b)
Start importing Assets/model/Building/Prop/Wall Prop/Poster3Material.mat using Guid(1fd0098f7e18b66429096b5cca6b4ca1) Importer(815301076,1909f56bfc062723c751e8b465ee728b)  -> (artifact id: 'e82236739688004258f18c3a7597065a') in 0.021522 seconds 
========================================================================
Received Import Request.
  Time since last request: 0.000019 seconds.
  path: Assets/model/Building/Prop/Wall Prop/8.png
  artifactKey: Guid(596a0d5c15752be47bef1c81952a892d) Importer(815301076,1909f56bfc062723c751e8b465ee728b)
Start importing Assets/model/Building/Prop/Wall Prop/8.png using Guid(596a0d5c15752be47bef1c81952a892d) Importer(815301076,1909f56bfc062723c751e8b465ee728b)  -> (artifact id: '333e99a2d9caa52a7dac4925e423b6b3') in 0.019428 seconds 
========================================================================
Received Import Request.
  Time since last request: 0.000028 seconds.
  path: Assets/model/Building/Prop/Wall Prop/Poster4Material.mat
  artifactKey: Guid(24cb6415ff50c0445bdfa23a73bc0ef0) Importer(815301076,1909f56bfc062723c751e8b465ee728b)
Start importing Assets/model/Building/Prop/Wall Prop/Poster4Material.mat using Guid(24cb6415ff50c0445bdfa23a73bc0ef0) Importer(815301076,1909f56bfc062723c751e8b465ee728b)  -> (artifact id: '84ccfc5d41da13fad0ee0ad92fd488c8') in 0.020070 seconds 
